<?xml version="1.0" encoding="UTF-8"?>
<!-- Generated by org.testng.reporters.JUnitReportReporter -->
<testsuite hostname="Shwetas-MacBook-Pro.local" failures="0" tests="1" name="test" time="0.004" errors="0" timestamp="21 Nov 2020 02:41:48 GMT" skipped="0">
  <testcase classname="test" name="testing" time="0.004"/>
</testsuite> <!-- test -->
