<?xml version="1.0" encoding="UTF-8"?>
<!-- Generated by org.testng.reporters.JUnitReportReporter -->
<testsuite hostname="Shwetas-MacBook-Pro.local" failures="0" tests="1" name="VerifyingSetup" time="0.005" errors="0" timestamp="21 Nov 2020 02:46:07 GMT" skipped="0">
  <testcase classname="VerifyingSetup" name="verify" time="0.005"/>
</testsuite> <!-- VerifyingSetup -->
